This is TeX, Version 3.14159 (Web2c 7.0) (format=latex 97.7.5)  7 APR 1998 19:54
**./images.tex
(./images.tex
LaTeX2e <1996/12/01>

(/usr/local/share/texmf/tex/latex/base/latex209.def
File: latex209.def 1996/05/21 v0.51 Standard LaTeX file
Entering LaTeX 2.09 compatibility mode.
\footheight=\dimen102
\@maxsep=\dimen103
\@dblmaxsep=\dimen104
\@cla=\count79
\@clb=\count80
\mscount=\count81
(/usr/local/share/texmf/tex/latex/base/tracefnt.sty
Package: tracefnt 1996/07/26 v3.0i Standard LaTeX package (font tracing)
\tracingfonts=\count82
LaTeX Info: Redefining \selectfont on input line 139.
)
\symbold=\mathgroup4
\symsans=\mathgroup5
\symtypewriter=\mathgroup6
\symitalic=\mathgroup7
\symsmallcaps=\mathgroup8
\symslanted=\mathgroup9
LaTeX Font Info:    Redeclaring math alphabet \mathbf on input line 306.
LaTeX Font Info:    Redeclaring math alphabet \mathsf on input line 307.
LaTeX Font Info:    Redeclaring math alphabet \mathtt on input line 308.
LaTeX Font Info:    Redeclaring math alphabet \mathit on input line 314.
LaTeX Info: Redefining \em on input line 324.
(/usr/local/share/texmf/tex/latex/base/latexsym.sty
Package: latexsym 1996/11/20 v2.2d Standard LaTeX package (lasy symbols)
\symlasy=\mathgroup10
LaTeX Font Info:    Overwriting symbol font `lasy' in version `bold'
(Font)                  U/lasy/m/n --> U/lasy/b/n on input line 85.
)
LaTeX Font Info:    Redeclaring math delimiter \lgroup on input line 388.
LaTeX Font Info:    Redeclaring math delimiter \rgroup on input line 390.
LaTeX Font Info:    Redeclaring math delimiter \bracevert on input line 392.
)
Compatibility mode: loading revtex.sty rather than revtex.cls.
(/usr/local/share/texmf/tex/latex/base/revtex.sty
Filename: revtex.sty, v3.0 <27 October 92>
(/usr/local/share/texmf/tex/latex/base/aps.sty
Filename: aps.sty, v3.0 <28 October 1992>
REVTeX message: NFSS detected! Assuming NFSS.
(/usr/local/share/texmf/tex/latex/base/aps12.sty
Filename: aps12.sty, v3.0 <2 October 1992>
)
\c@part=\count83
\c@section=\count84
\c@subsection=\count85
\c@subsubsection=\count86
\c@paragraph=\count87
\c@subparagraph=\count88
\@indentflag=\count89
\@eqtoeqnum=\dimen105
\c@eqletter=\count90
\c@equation=\count91
\@testboxa=\box26
\@testboxb=\box27
(/usr/local/share/texmf/tex/latex/base/prbbib.sty
Filename: prbbib.sty, v3.0 <9/29/1992>
\WidestRefLabelThusFar=\dimen106
)
\c@figure=\count92
\c@table=\count93
\c@tablenote=\count94
\@Ldec=\dimen107
\@Rdec=\dimen108
))
\sizebox=\box28
\lthtmlwrite=\write3
(images.aux
LaTeX Font Info:    External font `cmex10' loaded for size
(Font)              <12> on input line 20.
LaTeX Font Info:    External font `cmex10' loaded for size
(Font)              <8> on input line 20.
LaTeX Font Info:    External font `cmex10' loaded for size
(Font)              <6> on input line 20.
LaTeX Font Info:    Try loading font information for U+lasy on input line 20.
(/usr/local/share/texmf/tex/latex/base/ulasy.fd
File: ulasy.fd 1996/11/20 v2.2dLaTeX symbol font definitions
))
\openout1 = `images.aux'.

LaTeX Font Info:    Checking defaults for OML/cmm/m/it on input line 60.
LaTeX Font Info:    ... okay on input line 60.
LaTeX Font Info:    Checking defaults for T1/cmr/m/n on input line 60.
LaTeX Font Info:    ... okay on input line 60.
LaTeX Font Info:    Checking defaults for OT1/cmr/m/n on input line 60.
LaTeX Font Info:    ... okay on input line 60.
LaTeX Font Info:    Checking defaults for OMS/cmsy/m/n on input line 60.
LaTeX Font Info:    ... okay on input line 60.
LaTeX Font Info:    Checking defaults for OMX/cmex/m/n on input line 60.
LaTeX Font Info:    ... okay on input line 60.
LaTeX Font Info:    Checking defaults for U/cmr/m/n on input line 60.
LaTeX Font Info:    ... okay on input line 60.
latex2htmlLength hsize=349.0pt
latex2htmlLength vsize=687.93202pt
latex2htmlLength hoffset=0.0pt
latex2htmlLength voffset=0.0pt
latex2htmlLength topmargin=0.0pt
latex2htmlLength topskip=0.00002pt
latex2htmlLength headheight=0.0pt
latex2htmlLength headsep=0.0pt
latex2htmlLength parskip=0.0pt plus 1.0pt
latex2htmlLength oddsidemargin=0.0pt
latex2htmlLength evensidemargin=0.0pt
l2hSize :tex2html_wrap_inline152:9.82137pt::9.82137pt::77.30731pt.
[1


]
l2hSize :tex2html_wrap_inline172:7.75pt::0.0pt::9.33336pt.
[2


]
l2hSize :tex2html_wrap_inline174:7.75pt::7.75pt::7.06938pt.
[3


]
l2hSize :tex2html_wrap_inline186:12.85004pt::12.85004pt::80.87686pt.
[4


]
l2hSize :tex2html_wrap_inline192:9.0pt::9.0pt::143.35155pt.
[5


]
l2hSize :tex2html_wrap_inline194:8.33331pt::8.33331pt::6.95407pt.
[6


]
l2hSize :tex2html_wrap_inline196:8.33331pt::8.33331pt::8.06935pt.
[7


]
l2hSize :tex2html_wrap_inline200:10.16995pt::10.16995pt::85.78242pt.
[8


]
l2hSize :displaymath38:27.65976pt::0.0pt::349.0pt.
[9


]
l2hSize :displaymath60:28.85977pt::0.0pt::349.0pt.
[10


]
l2hSize :tex2html_wrap_inline210:10.16995pt::10.16995pt::77.76372pt.
[11


]
l2hSize :displaymath67:27.94955pt::0.0pt::349.0pt.
[12


]
l2hSize :displaymath77:29.14957pt::0.0pt::349.0pt.
[13


]
l2hSize :tex2html_wrap_inline216:7.75pt::7.75pt::13.54517pt.
[14


]
l2hSize :tex2html_wrap_inline220:10.16995pt::10.16995pt::42.53825pt.
[15


]
l2hSize :references94:1086.74684pt::0.0pt::349.0pt.
[16


]
Overfull \vbox (398.81482pt too high) has occurred while \output is active []

[17]
! Infinite glue shrinkage found on current page.
\newpage ...k \@nobreakfalse \everypar {}\fi \par 
                                                  \vfil \penalty -\@M 
l.225 \hfill\lthtmlcheckvsize\clearpage
                                       }
The page about to be output contains some infinitely
shrinkable glue, e.g., `\vss' or `\vskip 0pt minus 1fil'.
Such glue doesn't belong there; but you can safely proceed,
since the offensive shrinkability has been made finite.

[18]
l2hSize :figure136:32.2pt::0.0pt::349.0pt.
[19


] (images.aux) ) 
Here is how much of TeX's memory you used:
 602 strings out of 10980
 6066 string characters out of 73697
 55024 words of memory out of 250001
 3487 multiletter control sequences out of 10000+0
 12339 words of font info for 45 fonts, out of 100000 for 500
 15 hyphenation exceptions out of 1000
 26i,5n,21p,579b,204s stack positions out of 300i,100n,500p,3000b,4000s

Output written on images.dvi (19 pages, 6768 bytes).
